[bwa_index] Pack FASTA... 0.34 sec
[bwa_index] Construct BWT for the packed sequence...
[BWTIncCreate] textLength=101636936, availableWord=19151484
[BWTIncConstructFromPacked] 10 iterations done. 31590664 characters processed.
[BWTIncConstructFromPacked] 20 iterations done. 58359704 characters processed.
[BWTIncConstructFromPacked] 30 iterations done. 82148056 characters processed.
[BWTIncConstructFromPacked] 40 iterations done. 101636936 characters processed.
[bwt_gen] Finished constructing BWT in 40 iterations.
[bwa_index] 33.10 seconds elapse.
[bwa_index] Update BWT... 0.19 sec
[bwa_index] Pack forward-only FASTA... 0.25 sec
[bwa_index] Construct SA from BWT and Occ... 11.97 sec
[main] Version: 0.7.17-r1188
[main] CMD: /usr/bin/bwa index chr22.fa
[main] Real time: 49.066 sec; CPU: 45.846 sec
[M::bwa_idx_load_from_disk] read 0 ALT contigs
[M::process] read 13853 sequences (3206747 bp)...
[M::mem_process_seqs] Processed 13853 reads in 1.552 CPU sec, 1.526 real sec
[main] Version: 0.7.17-r1188
[main] CMD: /usr/bin/bwa mem chr22.fa Sample1.fastq
[main] Real time: 2.268 sec; CPU: 1.690 sec
