Feb-06 17:14:00.171 [main] DEBUG nextflow.cli.Launcher - $> nextflow run main.nf -resume
Feb-06 17:14:00.343 [main] DEBUG nextflow.cli.CmdRun - N E X T F L O W  ~  version 25.10.3
Feb-06 17:14:00.374 [main] DEBUG nextflow.plugin.PluginsFacade - Setting up plugin manager > mode=prod; embedded=false; plugins-dir=/root/.nextflow/plugins; core-plugins: nf-amazon@3.4.3,nf-azure@1.20.2,nf-cloudcache@0.5.0,nf-codecommit@0.5.0,nf-console@1.3.0,nf-google@1.23.4,nf-k8s@1.2.2,nf-tower@1.17.4,nf-wave@1.16.1
Feb-06 17:14:00.405 [main] INFO  o.pf4j.DefaultPluginStatusProvider - Enabled plugins: []
Feb-06 17:14:00.409 [main] INFO  o.pf4j.DefaultPluginStatusProvider - Disabled plugins: []
Feb-06 17:14:00.414 [main] INFO  org.pf4j.DefaultPluginManager - PF4J version 3.12.0 in 'deployment' mode
Feb-06 17:14:00.455 [main] DEBUG nextflow.util.RetryConfig - Missing nextflow session - using default retry config
Feb-06 17:14:00.620 [main] INFO  org.pf4j.AbstractPluginManager - No plugins
Feb-06 17:14:00.656 [main] DEBUG nextflow.config.ConfigBuilder - Found config local: /mnt/c/newp/nextflow.config
Feb-06 17:14:00.660 [main] DEBUG nextflow.config.ConfigBuilder - Parsing config file: /mnt/c/newp/nextflow.config
Feb-06 17:14:00.698 [main] DEBUG nextflow.config.ConfigBuilder - Applying config profile: `standard`
Feb-06 17:14:01.243 [main] DEBUG nextflow.plugin.PluginsFacade - Plugins default=[]
Feb-06 17:14:01.244 [main] DEBUG nextflow.plugin.PluginsFacade - Plugins resolved requirement=[]
Feb-06 17:14:01.262 [main] DEBUG n.secret.LocalSecretsProvider - Secrets store: /root/.nextflow/secrets/store.json
Feb-06 17:14:01.267 [main] DEBUG nextflow.secret.SecretsLoader - Discovered secrets providers: [nextflow.secret.LocalSecretsProvider@4e682398] - activable => nextflow.secret.LocalSecretsProvider@4e682398
Feb-06 17:14:01.281 [main] DEBUG nextflow.cli.CmdRun - Applied DSL=2 from script declaration
Feb-06 17:14:01.296 [main] DEBUG nextflow.cli.CmdRun - Launching `main.nf` [high_einstein] DSL2 - revision: cd0bff4dde
Feb-06 17:14:01.376 [main] DEBUG nextflow.Session - Session UUID: 796f9b0d-0ffd-4dc8-9181-20806e0082ce
Feb-06 17:14:01.377 [main] DEBUG nextflow.Session - Run name: high_einstein
Feb-06 17:14:01.379 [main] DEBUG nextflow.Session - Executor pool size: 16
Feb-06 17:14:01.388 [main] DEBUG nextflow.file.FilePorter - File porter settings maxRetries=3; maxTransfers=50; pollTimeout=null
Feb-06 17:14:01.395 [main] DEBUG nextflow.util.ThreadPoolBuilder - Creating thread pool 'FileTransfer' minSize=10; maxSize=48; workQueue=LinkedBlockingQueue[-1]; allowCoreThreadTimeout=false
Feb-06 17:14:01.422 [main] DEBUG nextflow.cli.CmdRun - 
  Version: 25.10.3 build 10983
  Created: 22-01-2026 15:34 UTC 
  System: Linux 6.6.87.2-microsoft-standard-WSL2
  Runtime: Groovy 4.0.28 on OpenJDK 64-Bit Server VM 25.0.1-internal-adhoc.conda.src
  Encoding: UTF-8 (UTF-8)
  Process: 8276@KRISHNA [127.0.1.1]
  CPUs: 16 - Mem: 7.7 GB (5.8 GB) - Swap: 2 GB (2 GB)
Feb-06 17:14:01.496 [main] DEBUG nextflow.Session - Work-dir: /mnt/c/newp/work [v9fs]
Feb-06 17:14:01.497 [main] DEBUG nextflow.Session - Script base path does not exist or is not a directory: /mnt/c/newp/bin
Feb-06 17:14:01.510 [main] DEBUG nextflow.executor.ExecutorFactory - Extension executors providers=[]
Feb-06 17:14:01.526 [main] DEBUG nextflow.Session - Observer factory (v2): LinObserverFactory
Feb-06 17:14:01.533 [main] DEBUG nextflow.Session - Observer factory (v2): DefaultObserverFactory
Feb-06 17:14:01.619 [main] DEBUG nextflow.cache.CacheFactory - Using Nextflow cache factory: nextflow.cache.DefaultCacheFactory
Feb-06 17:14:01.634 [main] DEBUG nextflow.util.CustomThreadPool - Creating default thread pool > poolSize: 17; maxThreads: 1000
Feb-06 17:14:01.814 [main] DEBUG nextflow.Session - Session start
Feb-06 17:14:02.024 [main] DEBUG nextflow.script.ScriptRunner - > Launching execution
Feb-06 17:14:02.721 [main] DEBUG nextflow.executor.ExecutorFactory - << taskConfig executor: null
Feb-06 17:14:02.722 [main] DEBUG nextflow.executor.ExecutorFactory - >> processorType: 'local'
Feb-06 17:14:02.740 [main] DEBUG nextflow.executor.Executor - [warm up] executor > local
Feb-06 17:14:02.754 [main] DEBUG n.processor.LocalPollingMonitor - Creating local task monitor for executor 'local' > cpus=16; memory=7.7 GB; capacity=16; pollInterval=100ms; dumpInterval=5m
Feb-06 17:14:02.759 [main] DEBUG n.processor.TaskPollingMonitor - >>> barrier register (monitor: local)
Feb-06 17:14:02.800 [main] DEBUG nextflow.processor.TaskProcessor - Creating process 'VARIANT_WORKFLOW:FASTQC': maxForks=0; fair=false; array=0
Feb-06 17:14:02.890 [main] DEBUG nextflow.executor.ExecutorFactory - << taskConfig executor: null
Feb-06 17:14:02.891 [main] DEBUG nextflow.executor.ExecutorFactory - >> processorType: 'local'
Feb-06 17:14:02.893 [main] DEBUG nextflow.processor.TaskProcessor - Creating process 'VARIANT_WORKFLOW:BWA_ALIGN': maxForks=0; fair=false; array=0
Feb-06 17:14:02.900 [main] DEBUG nextflow.executor.ExecutorFactory - << taskConfig executor: null
Feb-06 17:14:02.900 [main] DEBUG nextflow.executor.ExecutorFactory - >> processorType: 'local'
Feb-06 17:14:02.902 [main] DEBUG nextflow.processor.TaskProcessor - Creating process 'VARIANT_WORKFLOW:SAMTOOLS_SORT': maxForks=0; fair=false; array=0
Feb-06 17:14:02.910 [main] DEBUG nextflow.executor.ExecutorFactory - << taskConfig executor: null
Feb-06 17:14:02.910 [main] DEBUG nextflow.executor.ExecutorFactory - >> processorType: 'local'
Feb-06 17:14:02.911 [main] DEBUG nextflow.processor.TaskProcessor - Creating process 'VARIANT_WORKFLOW:VARIANT_CALL': maxForks=0; fair=false; array=0
Feb-06 17:14:02.917 [main] DEBUG nextflow.Session - Workflow process names [dsl2]: SAMTOOLS_SORT, FASTQC, BWA_ALIGN, VARIANT_WORKFLOW:FASTQC, VARIANT_CALL, VARIANT_WORKFLOW:VARIANT_CALL, VARIANT_WORKFLOW:BWA_ALIGN, VARIANT_WORKFLOW:SAMTOOLS_SORT
Feb-06 17:14:02.921 [main] DEBUG nextflow.Session - Igniting dataflow network (4)
Feb-06 17:14:02.922 [main] DEBUG nextflow.processor.TaskProcessor - Starting process > VARIANT_WORKFLOW:FASTQC
Feb-06 17:14:02.923 [main] DEBUG nextflow.processor.TaskProcessor - Starting process > VARIANT_WORKFLOW:BWA_ALIGN
Feb-06 17:14:02.925 [main] DEBUG nextflow.processor.TaskProcessor - Starting process > VARIANT_WORKFLOW:SAMTOOLS_SORT
Feb-06 17:14:02.926 [main] DEBUG nextflow.processor.TaskProcessor - Starting process > VARIANT_WORKFLOW:VARIANT_CALL
Feb-06 17:14:02.927 [main] DEBUG nextflow.script.ScriptRunner - Parsed script files:
  Script_a33eb7063303ec09: /mnt/c/newp/main.nf
  Script_21e404e371dab9bd: /mnt/c/newp/modules/fastqc.nf
  Script_113a04bc7897bba2: /mnt/c/newp/workflow/variant_workflow.nf
  Script_1a6165e103706ca0: /mnt/c/newp/modules/samtools_sort.nf
  Script_7961d222be05cdce: /mnt/c/newp/modules/bwa_align.nf
  Script_0a35e8795475e2f3: /mnt/c/newp/modules/variant_calling.nf
Feb-06 17:14:02.928 [main] DEBUG nextflow.script.ScriptRunner - > Awaiting termination 
Feb-06 17:14:02.928 [main] DEBUG nextflow.Session - Session await
Feb-06 17:14:03.263 [Actor Thread 8] INFO  nextflow.processor.TaskProcessor - [41/6c2ec4] Cached process > VARIANT_WORKFLOW:BWA_ALIGN (bwa_align)
Feb-06 17:14:03.305 [Actor Thread 7] INFO  nextflow.processor.TaskProcessor - [33/03d947] Cached process > VARIANT_WORKFLOW:FASTQC (Sample1.fastq)
Feb-06 17:14:03.306 [Actor Thread 8] DEBUG nextflow.util.ThreadPoolBuilder - Creating thread pool 'PublishDir' minSize=10; maxSize=48; workQueue=LinkedBlockingQueue[-1]; allowCoreThreadTimeout=false
Feb-06 17:14:03.333 [Actor Thread 14] INFO  nextflow.processor.TaskProcessor - [32/1490b9] Cached process > VARIANT_WORKFLOW:SAMTOOLS_SORT (samtools_sort)
Feb-06 17:14:03.456 [Task submitter] DEBUG n.executor.local.LocalTaskHandler - Launch cmd line: /bin/bash -ue .command.run
Feb-06 17:14:03.459 [Task submitter] INFO  nextflow.Session - [45/051076] Submitted process > VARIANT_WORKFLOW:VARIANT_CALL (variant_calling)
Feb-06 17:14:04.869 [Task monitor] DEBUG n.processor.TaskPollingMonitor - Task completed > TaskHandler[id: 4; name: VARIANT_WORKFLOW:VARIANT_CALL (variant_calling); status: COMPLETED; exit: 0; error: -; workDir: /mnt/c/newp/work/45/05107697afc1c38bdf58998a9fda11]
Feb-06 17:14:04.870 [Task monitor] DEBUG nextflow.util.ThreadPoolBuilder - Creating thread pool 'TaskFinalizer' minSize=10; maxSize=48; workQueue=LinkedBlockingQueue[-1]; allowCoreThreadTimeout=false
Feb-06 17:14:04.883 [main] DEBUG nextflow.Session - Session await > all processes finished
Feb-06 17:14:04.967 [Task monitor] DEBUG n.processor.TaskPollingMonitor - <<< barrier arrives (monitor: local) - terminating tasks monitor poll loop
Feb-06 17:14:04.968 [main] DEBUG nextflow.Session - Session await > all barriers passed
Feb-06 17:14:04.970 [main] DEBUG nextflow.util.ThreadPoolManager - Thread pool 'TaskFinalizer' shutdown completed (hard=false)
Feb-06 17:14:04.972 [main] DEBUG nextflow.util.ThreadPoolManager - Thread pool 'PublishDir' shutdown completed (hard=false)
Feb-06 17:14:04.980 [main] DEBUG n.trace.WorkflowStatsObserver - Workflow completed > WorkflowStats[succeededCount=1; failedCount=0; ignoredCount=0; cachedCount=3; pendingCount=0; submittedCount=0; runningCount=0; retriesCount=0; abortedCount=0; succeedDuration=2.8s; failedDuration=0ms; cachedDuration=1m 52s;loadCpus=0; loadMemory=0; peakRunning=1; peakCpus=2; peakMemory=4 GB; ]
Feb-06 17:14:05.097 [main] DEBUG nextflow.cache.CacheDB - Closing CacheDB done
Feb-06 17:14:05.123 [main] DEBUG nextflow.util.ThreadPoolManager - Thread pool 'FileTransfer' shutdown completed (hard=false)
Feb-06 17:14:05.123 [main] DEBUG nextflow.script.ScriptRunner - > Execution complete -- Goodbye
